<?xml version="1.0" encoding="UTF-8"?>
<!-- Generated by org.testng.reporters.JUnitReportReporter -->
<testsuite skipped="0" hostname="LIN35006460" name="com.page.TestLogin" tests="1" failures="0" timestamp="02 Feb 2018 14:18:08 GMT" time="0.316" errors="0">
  <testcase name="login" time="0.316" classname="com.page.TestLogin"/>
</testsuite> <!-- com.page.TestLogin -->
